#
# There is insufficient memory for the Java Runtime Environment to continue.
# Native memory allocation (malloc) failed to allocate 2323536 bytes for Chunk::new
# Possible reasons:
#   The system is out of physical RAM or swap space
#   In 32 bit mode, the process size limit was hit
# Possible solutions:
#   Reduce memory load on the system
#   Increase physical memory or swap space
#   Check if swap backing store is full
#   Use 64 bit Java on a 64 bit OS
#   Decrease Java heap size (-Xmx/-Xms)
#   Decrease number of Java threads
#   Decrease Java thread stack sizes (-Xss)
#   Set larger code cache with -XX:ReservedCodeCacheSize=
# This output file may be truncated or incomplete.
#
#  Out of Memory Error (allocation.cpp:390), pid=2584, tid=0x00000000000005d8
#
# JRE version: Java(TM) SE Runtime Environment (8.0_144-b01) (build 1.8.0_144-b01)
# Java VM: Java HotSpot(TM) 64-Bit Server VM (25.144-b01 mixed mode windows-amd64 compressed oops)
# Failed to write core dump. Minidumps are not enabled by default on client versions of Windows
#

---------------  T H R E A D  ---------------

Current thread (0x0000000017de7000):  JavaThread "C2 CompilerThread1" daemon [_thread_in_native, id=1496, stack(0x0000000019560000,0x0000000019660000)]

Stack: [0x0000000019560000,0x0000000019660000]
[error occurred during error reporting (printing stack bounds), id 0xc0000005]

Native frames: (J=compiled Java code, j=interpreted, Vv=VM code, C=native code)


Current CompileTask:
C2:   2825 1741       4       java.net.URLClassLoader$1::run (5 bytes)


---------------  P R O C E S S  ---------------

Java Threads: ( => current thread )
  0x0000000019788800 JavaThread "Unknown thread" [_thread_blocked, id=11276, stack(0x0000000019b60000,0x0000000019c60000)]
  0x0000000017df4000 JavaThread "Unknown thread" [_thread_blocked, id=12924, stack(0x0000000019660000,0x0000000019760000)]
=>0x0000000017de7000 
[error occurred during error reporting (printing all threads), id 0xc0000005]

VM state:not at safepoint (normal execution)

VM Mutex/Monitor currently owned by a thread: None

Heap:
 PSYoungGen      total 38400K, used 985K [0x00000000d5f00000, 0x00000000d8980000, 0x0000000100000000)
  eden space 33280K, 2% used [0x00000000d5f00000,0x00000000d5ff6540,0x00000000d7f80000)
  from space 5120K, 0% used [0x00000000d7f80000,0x00000000d7f80000,0x00000000d8480000)
  to   space 5120K, 0% used [0x00000000d8480000,0x00000000d8480000,0x00000000d8980000)
 ParOldGen       total 87552K, used 6380K [0x0000000081c00000, 0x0000000087180000, 0x00000000d5f00000)
  object space 87552K, 7% used [0x0000000081c00000,0x000000008223b1f8,0x0000000087180000)
 Metaspace       used 15067K, capacity 15418K, committed 15616K, reserved 1062912K
  class space    used 1874K, capacity 1949K, committed 2048K, reserved 1048576K

Card table byte_map: [0x0000000012670000,0x0000000012a70000] byte_map_base: 0x0000000012262000

Marking Bits: (ParMarkBitMap*) 0x000000005d64d850
 Begin Bits: [0x0000000013120000, 0x00000000150b0000)
 End Bits:   [0x00000000150b0000, 0x0000000017040000)

Polling page: 0x0000000000dc0000

CodeCache: size=245760Kb used=6335Kb max_used=6335Kb free=239424Kb
 bounds [0x00000000032b0000, 0x00000000038f0000, 0x00000000122b0000]
 total_blobs=2133 nmethods=1790 adapters=255
 compilation: enabled

Compilation events (10 events):
Event: 2.452 Thread 0x0000000017df4000 1784  s    3       java.io.ExpiringCache::get (39 bytes)
Event: 2.452 Thread 0x0000000017df4000 nmethod 1784 0x00000000038d1f10 code [0x00000000038d20a0, 0x00000000038d24d8]
Event: 2.474 Thread 0x0000000017df4000 1785       3       org.apache.maven.plugin.clean.Cleaner::delete (424 bytes)
Event: 2.480 Thread 0x0000000017df4000 nmethod 1785 0x00000000038d2610 code [0x00000000038d2da0, 0x00000000038d84c8]
Event: 2.480 Thread 0x0000000017df4000 1786       3       java.io.File::delete (33 bytes)
Event: 2.480 Thread 0x0000000017df4000 nmethod 1786 0x00000000038dc050 code [0x00000000038dc240, 0x00000000038dcc48]
Event: 2.480 Thread 0x0000000017df4000 1787       3       java.io.WinNTFileSystem::delete (20 bytes)
Event: 2.480 Thread 0x0000000017df4000 nmethod 1787 0x00000000038dd090 code [0x00000000038dd240, 0x00000000038dd948]
Event: 2.612 Thread 0x0000000017df4000 1788   !   3       org.apache.maven.plugin.clean.Cleaner::delete (194 bytes)
Event: 2.615 Thread 0x0000000017df4000 nmethod 1788 0x00000000038ddfd0 code [0x00000000038de400, 0x00000000038e0dd8]

GC Heap History (4 events):
Event: 0.919 GC heap before
{Heap before GC invocations=1 (full 0):
 PSYoungGen      total 38400K, used 33280K [0x00000000d5f00000, 0x00000000d8980000, 0x0000000100000000)
  eden space 33280K, 100% used [0x00000000d5f00000,0x00000000d7f80000,0x00000000d7f80000)
  from space 5120K, 0% used [0x00000000d8480000,0x00000000d8480000,0x00000000d8980000)
  to   space 5120K, 0% used [0x00000000d7f80000,0x00000000d7f80000,0x00000000d8480000)
 ParOldGen       total 87552K, used 0K [0x0000000081c00000, 0x0000000087180000, 0x00000000d5f00000)
  object space 87552K, 0% used [0x0000000081c00000,0x0000000081c00000,0x0000000087180000)
 Metaspace       used 7859K, capacity 8072K, committed 8320K, reserved 1056768K
  class space    used 988K, capacity 1052K, committed 1152K, reserved 1048576K
Event: 0.925 GC heap after
Heap after GC invocations=1 (full 0):
 PSYoungGen      total 38400K, used 4617K [0x00000000d5f00000, 0x00000000d8980000, 0x0000000100000000)
  eden space 33280K, 0% used [0x00000000d5f00000,0x00000000d5f00000,0x00000000d7f80000)
  from space 5120K, 90% used [0x00000000d7f80000,0x00000000d8402520,0x00000000d8480000)
  to   space 5120K, 0% used [0x00000000d8480000,0x00000000d8480000,0x00000000d8980000)
 ParOldGen       total 87552K, used 8K [0x0000000081c00000, 0x0000000087180000, 0x00000000d5f00000)
  object space 87552K, 0% used [0x0000000081c00000,0x0000000081c02000,0x0000000087180000)
 Metaspace       used 7859K, capacity 8072K, committed 8320K, reserved 1056768K
  class space    used 988K, capacity 1052K, committed 1152K, reserved 1048576K
}
Event: 1.459 GC heap before
{Heap before GC invocations=2 (full 0):
 PSYoungGen      total 38400K, used 37897K [0x00000000d5f00000, 0x00000000d8980000, 0x0000000100000000)
  eden space 33280K, 100% used [0x00000000d5f00000,0x00000000d7f80000,0x00000000d7f80000)
  from space 5120K, 90% used [0x00000000d7f80000,0x00000000d8402520,0x00000000d8480000)
  to   space 5120K, 0% used [0x00000000d8480000,0x00000000d8480000,0x00000000d8980000)
 ParOldGen       total 87552K, used 8K [0x0000000081c00000, 0x0000000087180000, 0x00000000d5f00000)
  object space 87552K, 0% used [0x0000000081c00000,0x0000000081c02000,0x0000000087180000)
 Metaspace       used 11760K, capacity 12026K, committed 12416K, reserved 1060864K
  class space    used 1485K, capacity 1577K, committed 1664K, reserved 1048576K
Event: 1.465 GC heap after
Heap after GC invocations=2 (full 0):
 PSYoungGen      total 38400K, used 5115K [0x00000000d5f00000, 0x00000000d8980000, 0x0000000100000000)
  eden space 33280K, 0% used [0x00000000d5f00000,0x00000000d5f00000,0x00000000d7f80000)
  from space 5120K, 99% used [0x00000000d8480000,0x00000000d897ef30,0x00000000d8980000)
  to   space 5120K, 0% used [0x00000000d7f80000,0x00000000d7f80000,0x00000000d8480000)
 ParOldGen       total 87552K, used 2053K [0x0000000081c00000, 0x0000000087180000, 0x00000000d5f00000)
  object space 87552K, 2% used [0x0000000081c00000,0x0000000081e01648,0x0000000087180000)
 Metaspace       used 11760K, capacity 12026K, committed 12416K, reserved 1060864K
  class space    used 1485K, capacity 1577K, committed 1664K, reserved 1048576K
}

Deoptimization events (10 events):
Event: 1.627 Thread 0x00000000030ae000 Uncommon trap: reason=null_check action=make_not_entrant pc=0x00000000034779dc method=java.lang.String.equals(Ljava/lang/Object;)Z @ 8
Event: 1.743 Thread 0x00000000030ae000 Uncommon trap: reason=unstable_if action=reinterpret pc=0x0000000003582458 method=org.codehaus.plexus.util.xml.pull.MXParser.nextImpl()I @ 269
Event: 1.833 Thread 0x00000000030ae000 Uncommon trap: reason=unstable_if action=reinterpret pc=0x0000000003427db0 method=java.lang.String.replace(CC)Ljava/lang/String; @ 2
Event: 1.903 Thread 0x00000000030ae000 Uncommon trap: reason=unstable_if action=reinterpret pc=0x0000000003421070 method=java.lang.String.startsWith(Ljava/lang/String;I)Z @ 25
Event: 1.947 Thread 0x00000000030ae000 Uncommon trap: reason=unstable_if action=reinterpret pc=0x00000000035b9488 method=sun.nio.cs.UTF_8$Decoder.decode([BII[C)I @ 30
Event: 1.947 Thread 0x00000000030ae000 Uncommon trap: reason=unstable_if action=reinterpret pc=0x000000000355c2f8 method=sun.nio.cs.UTF_8$Decoder.decodeArrayLoop(Ljava/nio/ByteBuffer;Ljava/nio/CharBuffer;)Ljava/nio/charset/CoderResult; @ 84
Event: 1.987 Thread 0x00000000030ae000 Uncommon trap: reason=unstable_if action=reinterpret pc=0x000000000385774c method=org.codehaus.plexus.util.xml.pull.MXParser.nextImpl()I @ 1161
Event: 1.995 Thread 0x00000000030ae000 Uncommon trap: reason=unstable_if action=reinterpret pc=0x00000000035b52fc method=java.util.HashMap.hash(Ljava/lang/Object;)I @ 1
Event: 2.132 Thread 0x00000000030ae000 Uncommon trap: reason=unstable_if action=reinterpret pc=0x000000000389f740 method=org.codehaus.plexus.util.xml.pull.MXParser.nextImpl()I @ 972
Event: 2.210 Thread 0x00000000030ae000 Uncommon trap: reason=unstable_if action=reinterpret pc=0x0000000003813054 method=sun.net.www.protocol.jar.Handler.parseURL(Ljava/net/URL;Ljava/lang/String;II)V @ 94

Internal exceptions (10 events):
Event: 1.522 Thread 0x00000000030ae000 Exception <a 'java/lang/NoClassDefFoundError'> (0x00000000d632fae8) thrown at [C:\re\workspace\8-2-build-windows-amd64-cygwin\jdk8u144\9417\hotspot\src\share\vm\prims\jvm.cpp, line 1394]
Event: 1.522 Thread 0x00000000030ae000 Exception <a 'java/lang/NoClassDefFoundError': javax/annotation/Priority> (0x00000000d6336a80) thrown at [C:\re\workspace\8-2-build-windows-amd64-cygwin\jdk8u144\9417\hotspot\src\share\vm\classfile\systemDictionary.cpp, line 199]
Event: 1.627 Thread 0x00000000030ae000 Implicit null exception at 0x000000000347781b to 0x00000000034779cd
Event: 1.709 Thread 0x00000000030ae000 Exception <a 'java/lang/NullPointerException'> (0x00000000d691e080) thrown at [C:\re\workspace\8-2-build-windows-amd64-cygwin\jdk8u144\9417\hotspot\src\share\vm\interpreter\linkResolver.cpp, line 1197]
Event: 1.709 Thread 0x00000000030ae000 Exception <a 'java/lang/NullPointerException'> (0x00000000d691e298) thrown at [C:\re\workspace\8-2-build-windows-amd64-cygwin\jdk8u144\9417\hotspot\src\share\vm\interpreter\linkResolver.cpp, line 1197]
Event: 1.709 Thread 0x00000000030ae000 Exception <a 'java/lang/NullPointerException'> (0x00000000d691e4b0) thrown at [C:\re\workspace\8-2-build-windows-amd64-cygwin\jdk8u144\9417\hotspot\src\share\vm\interpreter\linkResolver.cpp, line 1197]
Event: 1.711 Thread 0x00000000030ae000 Exception <a 'java/lang/NullPointerException'> (0x00000000d69369f8) thrown at [C:\re\workspace\8-2-build-windows-amd64-cygwin\jdk8u144\9417\hotspot\src\share\vm\interpreter\linkResolver.cpp, line 1197]
Event: 1.711 Thread 0x00000000030ae000 Exception <a 'java/lang/NullPointerException'> (0x00000000d6936c10) thrown at [C:\re\workspace\8-2-build-windows-amd64-cygwin\jdk8u144\9417\hotspot\src\share\vm\interpreter\linkResolver.cpp, line 1197]
Event: 1.711 Thread 0x00000000030ae000 Exception <a 'java/lang/NullPointerException'> (0x00000000d6936e28) thrown at [C:\re\workspace\8-2-build-windows-amd64-cygwin\jdk8u144\9417\hotspot\src\share\vm\interpreter\linkResolver.cpp, line 1197]
Event: 1.995 Thread 0x00000000030ae000 Implicit null exception at 0x00000000035b5115 to 0x00000000035b52ed

Events (10 events):
Event: 2.295 loading class org/apache/maven/plugin/clean/Cleaner$3
Event: 2.295 loading class org/apache/maven/plugin/clean/Cleaner$3 done
Event: 2.295 loading class org/apache/maven/plugin/clean/Cleaner$3
Event: 2.295 loading class org/apache/maven/plugin/clean/Cleaner$3 done
Event: 2.296 loading class org/apache/maven/plugin/clean/Cleaner$Result
Event: 2.296 loading class org/apache/maven/plugin/clean/Cleaner$Result done
Event: 2.296 loading class org/apache/maven/plugin/clean/Cleaner$Result
Event: 2.296 loading class org/apache/maven/plugin/clean/Cleaner$Result done
Event: 2.296 loading class org/apache/maven/plugin/clean/Cleaner$Result
Event: 2.296 loading class org/apache/maven/plugin/clean/Cleaner$Result done


Dynamic libraries:
0x00007ff60a220000 - 0x00007ff60a257000 	C:\Program Files\Java\jdk1.8.0_144\bin\javaw.exe
0x00007fff4a750000 - 0x00007fff4a931000 	C:\WINDOWS\SYSTEM32\ntdll.dll
0x00007fff484e0000 - 0x00007fff48592000 	C:\WINDOWS\System32\KERNEL32.DLL
0x00007fff47570000 - 0x00007fff477e3000 	C:\WINDOWS\System32\KERNELBASE.dll
0x00007fff47d20000 - 0x00007fff47dc1000 	C:\WINDOWS\System32\ADVAPI32.dll
0x00007fff47c80000 - 0x00007fff47d1e000 	C:\WINDOWS\System32\msvcrt.dll
0x00007fff47c20000 - 0x00007fff47c7b000 	C:\WINDOWS\System32\sechost.dll
0x00007fff483b0000 - 0x00007fff484d4000 	C:\WINDOWS\System32\RPCRT4.dll
0x00007fff49f60000 - 0x00007fff4a0f0000 	C:\WINDOWS\System32\USER32.dll
0x00007fff47550000 - 0x00007fff47570000 	C:\WINDOWS\System32\win32u.dll
0x00007fff47bf0000 - 0x00007fff47c18000 	C:\WINDOWS\System32\GDI32.dll
0x00007fff473b0000 - 0x00007fff47542000 	C:\WINDOWS\System32\gdi32full.dll
0x00007fff47b40000 - 0x00007fff47bdf000 	C:\WINDOWS\System32\msvcp_win.dll
0x00007fff477f0000 - 0x00007fff478ea000 	C:\WINDOWS\System32\ucrtbase.dll
0x00007fff39c30000 - 0x00007fff39e99000 	C:\WINDOWS\WinSxS\amd64_microsoft.windows.common-controls_6595b64144ccf1df_6.0.17134.285_none_fb4297e330656775\COMCTL32.dll
0x00007fff4a210000 - 0x00007fff4a533000 	C:\WINDOWS\System32\combase.dll
0x00007fff46b20000 - 0x00007fff46b9a000 	C:\WINDOWS\System32\bcryptPrimitives.dll
0x00007fff482b0000 - 0x00007fff482dd000 	C:\WINDOWS\System32\IMM32.DLL
0x000000005d6d0000 - 0x000000005d7a2000 	C:\Program Files\Java\jdk1.8.0_144\jre\bin\msvcr100.dll
0x000000005ce30000 - 0x000000005d6cd000 	C:\Program Files\Java\jdk1.8.0_144\jre\bin\server\jvm.dll
0x00007fff48120000 - 0x00007fff48128000 	C:\WINDOWS\System32\PSAPI.DLL
0x00007fff396f0000 - 0x00007fff39713000 	C:\WINDOWS\SYSTEM32\WINMM.dll
0x00007fff45940000 - 0x00007fff45949000 	C:\WINDOWS\SYSTEM32\WSOCK32.dll
0x00007fff3c1a0000 - 0x00007fff3c1aa000 	C:\WINDOWS\SYSTEM32\VERSION.dll
0x00007fff485a0000 - 0x00007fff4860c000 	C:\WINDOWS\System32\WS2_32.dll
0x00007fff39670000 - 0x00007fff3969a000 	C:\WINDOWS\SYSTEM32\WINMMBASE.dll
0x00007fff46ba0000 - 0x00007fff46be9000 	C:\WINDOWS\System32\cfgmgr32.dll
0x000000005ce20000 - 0x000000005ce2f000 	C:\Program Files\Java\jdk1.8.0_144\jre\bin\verify.dll
0x000000005cdf0000 - 0x000000005ce19000 	C:\Program Files\Java\jdk1.8.0_144\jre\bin\java.dll
0x000000005cdd0000 - 0x000000005cde6000 	C:\Program Files\Java\jdk1.8.0_144\jre\bin\zip.dll
0x00007fff48670000 - 0x00007fff49ab0000 	C:\WINDOWS\System32\SHELL32.dll
0x00007fff47ed0000 - 0x00007fff47f79000 	C:\WINDOWS\System32\shcore.dll
0x00007fff46ca0000 - 0x00007fff473ad000 	C:\WINDOWS\System32\windows.storage.dll
0x00007fff48610000 - 0x00007fff48661000 	C:\WINDOWS\System32\shlwapi.dll
0x00007fff46b00000 - 0x00007fff46b11000 	C:\WINDOWS\System32\kernel.appcore.dll
0x00007fff46ac0000 - 0x00007fff46adf000 	C:\WINDOWS\System32\profapi.dll
0x00007fff46a60000 - 0x00007fff46aac000 	C:\WINDOWS\System32\powrprof.dll
0x00007fff46ab0000 - 0x00007fff46aba000 	C:\WINDOWS\System32\FLTLIB.DLL
0x000000005cda0000 - 0x000000005cdba000 	C:\Program Files\Java\jdk1.8.0_144\jre\bin\net.dll
0x00007fff46280000 - 0x00007fff462e6000 	C:\WINDOWS\system32\mswsock.dll
0x000000005cd80000 - 0x000000005cd91000 	C:\Program Files\Java\jdk1.8.0_144\jre\bin\nio.dll

VM Arguments:
jvm_args: -Dmaven.home=EMBEDDED -Dclassworlds.conf=C:\Users\Desarrollo Expled\Desktop\workspaceNoTeLoEches\.metadata\.plugins\org.eclipse.m2e.launching\launches\m2conf1266613276734903367.tmp -Dmaven.multiModuleProjectDirectory=C:\Users\Desarrollo Expled\Desktop\workspaceNoTeLoEches\simpleWeb -Dfile.encoding=Cp1252 
java_command: org.codehaus.plexus.classworlds.launcher.Launcher -B clean
java_class_path (initial): /C:/Users/Desarrollo Expled/Desktop/eclipse/plugins/org.eclipse.m2e.maven.runtime_1.7.0.20160603-1931/jars/plexus-classworlds-2.5.2.jar
Launcher Type: SUN_STANDARD

Environment Variables:
PATH=C:/Program Files/Java/jre1.8.0_144/bin/server;C:/Program Files/Java/jre1.8.0_144/bin;C:/Program Files/Java/jre1.8.0_144/lib/amd64;C:\ProgramData\Oracle\Java\javapath;C:\Program Files (x86)\Intel\iCLS Client\;C:\Program Files\Intel\iCLS Client\;C:\Windows\system32;C:\Windows;C:\Windows\System32\Wbem;C:\Windows\System32\WindowsPowerShell\v1.0\;C:\Program Files (x86)\NVIDIA Corporation\PhysX\Common;C:\Program Files (x86)\Intel\Intel(R) Management Engine Components\DAL;C:\Program Files\Intel\Intel(R) Management Engine Components\DAL;C:\Program Files (x86)\Intel\Intel(R) Management Engine Components\IPT;C:\Program Files\Intel\Intel(R) Management Engine Components\IPT;C:\Program Files\MySQL\MySQL Utilities 1.6\;C:\WINDOWS\system32;C:\WINDOWS;C:\WINDOWS\System32\Wbem;C:\WINDOWS\System32\WindowsPowerShell\v1.0\;C:\Program Files\nodejs\;C:\Program Files\Git\cmd;C:\Program Files (x86)\Windows Live\Shared;C:\Program Files\TortoiseSVN\bin;C:\Program Files\PuTTY\;C:\WINDOWS\System32\OpenSSH\;C:\Program Files\Microsoft SQL Server\Client SDK\ODBC\130\Tools\Binn\;C:\Program Files (x86)\Microsoft SQL Server\140\Tools\Binn\;C:\Program Files\Microsoft SQL Server\140\Tools\Binn\;C:\Program Files\Microsoft SQL Server\140\DTS\Binn\;C:\Users\Desarrollo Expled\AppData\Local\Microsoft\WindowsApps;C:\Users\Desarrollo Expled\AppData\Roaming\npm;;C:\Users\Desarrollo Expled\Desktop\eclipse;
USERNAME=Desarrollo Expled
OS=Windows_NT
PROCESSOR_IDENTIFIER=Intel64 Family 6 Model 142 Stepping 9, GenuineIntel



---------------  S Y S T E M  ---------------

OS: Windows 10.0 , 64 bit Build 17134 (10.0.17134.1)

CPU:total 4 (initial active 4) (2 cores per cpu, 2 threads per core) family 6 model 142 stepping 9, cmov, cx8, fxsr, mmx, sse, sse2, sse3, ssse3, sse4.1, sse4.2, popcnt, avx, avx2, aes, clmul, erms, 3dnowpref, lzcnt, ht, tsc, tscinvbit, bmi1, bmi2, adx

Memory: 4k page, physical 8266260k(967072k free), swap 8266260k(3932k free)

vm_info: Java HotSpot(TM) 64-Bit Server VM (25.144-b01) for windows-amd64 JRE (1.8.0_144-b01), built on Jul 21 2017 21:57:33 by "java_re" with MS VC++ 10.0 (VS2010)

time: Fri Sep 21 18:13:34 2018
elapsed time: 2 seconds (0d 0h 0m 2s)

